{"time":"2026-03-21T04:12:00.338Z","user":"Tony","role":"admin","action":"rain","allowed":true}
{"time":"2026-03-21T04:14:57.302Z","user":"Tony","role":"admin","action":"rain","allowed":true}
{"time":"2026-03-21T15:38:07.272Z","user":"Tony","role":"admin","action":"rain","allowed":true}
{"time":"2026-03-21T15:41:24.516Z","user":"Tony","role":"admin","action":"dose","allowed":true}
{"time":"2026-03-21T15:41:25.594Z","user":"Tony","role":"admin","action":"rain","allowed":true}
{"time":"2026-03-21T15:41:25.951Z","user":"Tony","role":"admin","action":"dose","allowed":true}
{"time":"2026-03-21T15:44:27.114Z","user":"unknown","role":"none","action":"dose","allowed":false}
{"time":"2026-03-21T15:44:28.793Z","user":"unknown","role":"none","action":"dose","allowed":false}
{"time":"2026-03-21T15:44:29.302Z","user":"unknown","role":"none","action":"rain","allowed":false}
{"time":"2026-03-21T15:44:30.607Z","user":"unknown","role":"none","action":"dose","allowed":false}
{"time":"2026-03-21T15:44:32.018Z","user":"unknown","role":"none","action":"rain","allowed":false}
{"time":"2026-03-21T15:44:32.411Z","user":"unknown","role":"none","action":"dose","allowed":false}
{"time":"2026-03-21T15:50:19.534Z","user":"Tony","role":"admin","action":"dose","allowed":true}
{"time":"2026-03-21T15:52:19.239Z","user":"Tony","role":"admin","action":"noise","allowed":true}
{"time":"2026-03-21T15:52:20.380Z","user":"Tony","role":"admin","action":"feed","allowed":true}
{"time":"2026-03-21T16:00:35.944Z","user":"Tony","role":"admin","action":"rain","allowed":true}
{"time":"2026-03-21T16:00:39.515Z","user":"Tony","role":"admin","action":"dose","allowed":true}
{"time":"2026-03-21T16:00:40.384Z","user":"Tony","role":"admin","action":"rain","allowed":true}
{"time":"2026-03-21T16:00:42.005Z","user":"Tony","role":"admin","action":"dose","allowed":true}
{"time":"2026-03-21T16:00:42.769Z","user":"Tony","role":"admin","action":"dose","allowed":true}
{"time":"2026-03-21T16:00:43.354Z","user":"Tony","role":"admin","action":"dose","allowed":true}
{"time":"2026-03-21T16:00:43.999Z","user":"Tony","role":"admin","action":"dose","allowed":true}
{"time":"2026-03-21T16:00:44.554Z","user":"Tony","role":"admin","action":"dose","allowed":true}
{"time":"2026-03-21T16:00:44.955Z","user":"Tony","role":"admin","action":"dose","allowed":true}
{"time":"2026-03-21T16:00:45.345Z","user":"Tony","role":"admin","action":"dose","allowed":true}
{"time":"2026-03-21T16:00:45.736Z","user":"Tony","role":"admin","action":"dose","allowed":true}
{"time":"2026-03-21T16:00:46.109Z","user":"Tony","role":"admin","action":"dose","allowed":true}
{"time":"2026-03-21T16:00:46.650Z","user":"Tony","role":"admin","action":"dose","allowed":true}
{"time":"2026-03-21T16:00:47.031Z","user":"Tony","role":"admin","action":"dose","allowed":true}
{"time":"2026-03-21T16:00:47.674Z","user":"Tony","role":"admin","action":"dose","allowed":true}
{"time":"2026-03-21T16:19:31.708Z","user":"Tony","role":"admin","action":"noise","allowed":true}
{"time":"2026-03-21T16:19:32.246Z","user":"Tony","role":"admin","action":"dose","allowed":true}
{"time":"2026-03-21T16:19:32.680Z","user":"Tony","role":"admin","action":"rain","allowed":true}
{"time":"2026-03-21T16:19:33.252Z","user":"Tony","role":"admin","action":"feed","allowed":true}
{"time":"2026-03-21T17:41:07.962Z","user":"Tony","role":"admin","action":"rain","allowed":true}
{"time":"2026-03-21T17:41:13.816Z","user":"Tony","role":"admin","action":"rain","allowed":true}
